<?xml version="1.0" encoding="UTF-8"?>
<!-- Generated by org.testng.reporters.JUnitXMLReporter -->
<testsuite ignored="3" hostname="DESKTOP-RE1LIDM" failures="0" tests="0" time="0.024" errors="0" timestamp="2023-03-08T20:51:19 IST">
  <testcase classname="com.qa.checkin.CheckIn" name="BCheckIn1" time="0.0">
    <ignored/>
  </testcase> <!-- BCheckIn1 -->
  <testcase classname="com.qa.checkin.CheckIn" name="ACheckIn3" time="0.0">
    <ignored/>
  </testcase> <!-- ACheckIn3 -->
  <testcase classname="com.qa.checkin.CheckIn" name="CCheckIn2" time="0.0">
    <ignored/>
  </testcase> <!-- CCheckIn2 -->
</testsuite>
