<?xml version="1.0" encoding="UTF-8"?>
<!-- Generated by org.testng.reporters.JUnitXMLReporter -->
<testsuite ignored="1" hostname="DESKTOP-RE1LIDM" failures="0" tests="2" name="Test" time="0.096" errors="0" timestamp="2023-03-11T19:59:54 IST">
  <testcase classname="com.qa.checkin.CheckIn" name="BCheckIn1" time="0.016"/>
  <testcase classname="com.qa.checkin.CheckIn" name="ACheckIn3" time="0.002"/>
  <testcase classname="com.qa.checkin.CheckIn" name="CCheckIn2" time="0.0">
    <ignored/>
  </testcase> <!-- CCheckIn2 -->
</testsuite> <!-- Test -->
