<?xml version="1.0" encoding="UTF-8"?>
<testng-results ignored="1" total="3" passed="2" failed="0" skipped="0">
  <reporter-output>
  </reporter-output>
  <suite started-at="2023-03-11T19:59:54 IST" name="Suite" finished-at="2023-03-11T19:59:54 IST" duration-ms="96">
    <groups>
    </groups>
    <test started-at="2023-03-11T19:59:54 IST" name="Test" finished-at="2023-03-11T19:59:54 IST" duration-ms="96">
      <class name="com.qa.checkin.CheckIn">
        <test-method signature="BCheckIn1(java.lang.String,java.lang.String,java.lang.String)[pri:1, instance:com.qa.checkin.CheckIn@32b260fa]" started-at="2023-03-11T19:59:54 IST" name="BCheckIn1" finished-at="2023-03-11T19:59:54 IST" duration-ms="16" status="PASS">
          <params>
            <param index="0">
              <value>
                <![CDATA[google.com]]>
              </value>
            </param>
            <param index="1">
              <value>
                <![CDATA[test1]]>
              </value>
            </param>
            <param index="2">
              <value>
                <![CDATA[abcd]]>
              </value>
            </param>
          </params>
          <reporter-output>
          </reporter-output>
        </test-method> <!-- BCheckIn1 -->
        <test-method signature="ACheckIn3()[pri:2, instance:com.qa.checkin.CheckIn@32b260fa]" started-at="2023-03-11T19:59:54 IST" name="ACheckIn3" finished-at="2023-03-11T19:59:54 IST" duration-ms="2" status="PASS">
          <reporter-output>
          </reporter-output>
        </test-method> <!-- ACheckIn3 -->
      </class> <!-- com.qa.checkin.CheckIn -->
    </test> <!-- Test -->
  </suite> <!-- Suite -->
</testng-results>
